<?xml version="1.0" encoding="UTF-8"?>
<testsuite name="AllergiesTest" tests="1" skipped="0" failures="0" errors="0" timestamp="2016-02-12T00:03:56" hostname="epicodus-66.local" time="0.003">
  <properties/>
  <testcase name="findAllergies_whenAllergyScoreIsOneReturn_Eggs" classname="AllergiesTest" time="0.003"/>
  <system-out><![CDATA[]]></system-out>
  <system-err><![CDATA[]]></system-err>
</testsuite>
