<?xml version="1.0" encoding="UTF-8"?>
<testsuite name="AllergiesTest" tests="3" skipped="0" failures="0" errors="0" timestamp="2016-02-12T00:30:17" hostname="epicodus-66.local" time="0.014">
  <properties/>
  <testcase name="findAllergies_whenAllergyScoreIs165Return_SeveralItems" classname="AllergiesTest" time="0.004"/>
  <testcase name="findAllergies_whenAllergyScoreIs128Return_cats" classname="AllergiesTest" time="0.0"/>
  <testcase name="findAllergies_whenAllergyScoreIsOneReturn_Eggs" classname="AllergiesTest" time="0.0"/>
  <system-out><![CDATA[]]></system-out>
  <system-err><![CDATA[[Thread-4] INFO spark.webserver.SparkServer - == Spark has ignited ...
[Thread-4] INFO spark.webserver.SparkServer - >> Listening on 0.0.0.0:4567
[Thread-4] INFO org.eclipse.jetty.server.Server - jetty-9.0.2.v20130417
[Thread-4] INFO org.eclipse.jetty.server.ServerConnector - Started ServerConnector@61218ffc{HTTP/1.1}{0.0.0.0:4567}
[Test worker] INFO spark.webserver.SparkServer - >>> Spark shutting down ...
[Test worker] INFO org.eclipse.jetty.server.Server - Graceful shutdown org.eclipse.jetty.server.Server@6a5e160e by 
[Test worker] INFO org.eclipse.jetty.server.ServerConnector - Stopped ServerConnector@61218ffc{HTTP/1.1}{0.0.0.0:4567}
[Test worker] INFO spark.webserver.SparkServer - done
]]></system-err>
</testsuite>
